ERKALE - Geometry optimization from Hel, OpenMP version, running on 1 cores.
(c) Susi Lehtola, 2010-2013.

This program is free software; you can redistribute it and/or modify
it under the terms of the GNU General Public License as published by
the Free Software Foundation; either version 2 of the License, or
(at your option) any later version.

Current time is Thu 26 Dec 2013 12:56:15.

Current Settings used by ERKALE:
     AtomGuess      	                Auto	Method used for atomic guess (Auto for same as method)
     Basis          	               6-31G	Basis set used in calculation
     BasisOrth      	                Auto	Method of orthonormalization of basis set
     C1-DIIS        	               false	Use older version of DIIS (C1-DIIS instead of C2-DIIS)?
     Charge         	                   0	Total charge of system
     Criterion      	              NORMAL	Convergence criterion to use: LOOSE, NORMAL, TIGHT, VERYTIGHT
     DFTDelta       	           5.000e+03	Switch to final DFT grid, relative to deltaE and deltaP
     DFTDirect      	               false	Save memory by not storing values of basis functions in memory
     DFTFinalTol    	           1.000e-05	Tolerance of final DFT grid
     DFTGrid        	                Auto	DFT integration grid to use: nrad lmax or Auto for adaptive
     DFTInitialTol  	           1.000e-04	Tolerance of initial DFT grid
     DFTLobatto     	               false	Use Lobatto quadrature instead of Lebedev quadrature?
     DIISOrder      	                  10	How many DIIS iterations to keep in memory?
     DIISThr        	           5.000e-02	DIIS error threshold for DIIS updates
     DecFock        	               false	Use decontracted basis to calculate Fock matrix (direct HF)
     Decontract     	                    	Indices of atoms to decontract basis set for
     DeltaEmax      	           1.000e-06	Maximum allowed change of energy
     DeltaPmax      	           1.000e-06	Maximum allowed maximum difference of density matrix
     DeltaPrms      	           1.000e-08	Maximum allowed RMS difference of density matrix
     DensityFitting 	               false	Use density fitting / RI?
     Direct         	               false	Calculate two-electron integrals (or density fitting) on-the-fly?
     FittingBasis   	                Auto	Basis to use for density fitting / RI (Auto for automatic)
     FittingMemory  	                1000	Amount of memory in MB to use for exchange fitting
     FittingThreshold	           1.000e-08	Linear dependence threshold for Coulomb integrals in density fitting
     ForcePol       	               false	Force polarized calculation
     FreezeCore     	               false	Freeze the atomic cores?
     Guess          	              Atomic	Used guess: atomic (default), molecular, or core
     LineSearch     	               false	Do line search in level shift (EXPENSIVE!)
     LoadChk        	                    	File to load old results from
     Logfile        	     erkale_geom.log	File to print out full information, stdout for screen
     MaxIter        	                 100	Maximum number of iterations in SCF cycle
     MaxSteps       	                 256	Maximum amount of geometry steps
     Method         	    hyb_gga_xc_b3lyp	Method used in calculation (HF or a DFT functional)
     Multiplicity   	                   1	Spin multiplicity
     Occupancies    	                    	Orbital occupancies
     OptMovie       	        optimize.xyz	xyz movie to store progress in
     Optimizer      	               BFGS2	Optimizer to use: CGFR, CGPR, BFGS, BFGS2 (default), SD
     PZ-SIC         	                  No	Perform Perdew-Zunger self-interaction correction? No, Pert, Full, Can, CanPert
     PZ-SICloc      	                true	Use Foster-Boys localized orbitals to initialize SIC?
     PZ-SICmode     	              CoulXC	Mode to use PZ-SIC in. Coul, CoulX, CoulC, CoulXC
     PZ-SICw        	           1.000e+00	Weight for Perdew-Zunger self-interaction correction
     Result         	       optimized.xyz	File to save optimized geometry in
     SaveChk        	          erkale.chk	File to use as checkpoint
     Shift          	           0.000e+00	Level shift to use in Hartree
     StrictIntegrals	               false	Use strict integrals?
     System         	           atoms.xyz	System as an xyz file
     UseADIIS       	                true	Use ADIIS for Fock matrix interpolation? (DIIS takes preference)
     UseBroyden     	               false	Use Broyden mixing of Fock matrices?
     UseDIIS        	                true	Use Pulay's Direct Inversion in the Iterative Subspace?
     UseLM          	                true	Use a spherical harmonics basis set by default?
     UseTRDSM       	               false	Use Trust-Region DSM?
     UseTRRH        	               false	Use Trust-Region Roothaan-Hall?
     Verbose        	                true	Verbose calculation?


Calculating initial atomic guess ... done (0.80 s)

Running restricted hyb_gga_xc_b3lyp calculation.
iter                E         dE   RMS dens   MAX dens   dip mom  titer (s)
    DFT grid formation                                              157.590
   1    -645.49761073 -6.455e+02  7.325e-02  1.254e+00    21.819     95.959
   2    -637.19817429  8.299e+00  5.710e-02  1.104e+00     3.746     95.518
   3    -647.99661703 -1.080e+01  2.641e-02  5.390e-01     2.987     95.527
   4    -647.47258137  5.240e-01  1.523e-02  3.328e-01     1.191     95.480
   5    -648.44249026 -9.699e-01  8.383e-03  1.870e-01     0.891     95.570
   6    -648.36444596  7.804e-02  4.922e-03  1.070e-01     1.088     95.622
   7    -648.48142722 -1.170e-01  1.127e-03  2.180e-02     1.027     95.595
   8    -648.48639628 -4.969e-03* 3.125e-04  5.275e-03     0.954    101.607
   9    -648.48658397 -1.877e-04* 1.100e-04  2.276e-03*    0.948     96.862
  10    -648.48660423 -2.026e-05* 3.505e-05* 8.840e-04*    0.949     96.258
  11    -648.48660806 -3.839e-06* 1.046e-05* 1.401e-04*    0.949     96.061
RDFT converged in 20 min 17.76 s.

Running restricted hyb_gga_xc_b3lyp calculation.
iter                E         dE   RMS dens   MAX dens   dip mom  titer (s)
    DFT grid formation                                              394.519
   1    -648.48658814 -6.485e+02  1.402e-05  1.703e-04     0.950    201.595
   2    -648.48658800  1.425e-07* 7.715e-06  1.167e-04     0.949    201.050
   3    -648.48658822 -2.201e-07* 1.812e-06  4.574e-05     0.949    201.342
   4    -648.48658822  1.030e-09* 1.106e-06  2.599e-05     0.949    201.280
   5    -648.48658822 -4.083e-09* 2.372e-07  5.285e-06     0.949    201.078
   6    -648.48658822 -1.544e-10* 6.211e-08  1.012e-06     0.949    201.149
   7    -648.48658822 -1.137e-12* 3.074e-08  7.487e-07*    0.949    201.472
   8    -648.48658822 -3.411e-12* 7.747e-09* 1.074e-07*    0.949    201.787
   9    -648.48658822  2.274e-13* 2.074e-09* 3.072e-08*    0.949    201.245
RDFT converged in 36 min 46.62 s.
Geometry optimizer initialized in 1 h 32 min 42.88 s.
Entering minimization loop with BFGS2 optimizer.
iter                E         dE  dE/dEproj  disp max  disp rms     f max     f rms titer
   1    -648.49028650 -3.698e-03  4.658e-01 4.608e-02  2.073e-02  2.498e-02  9.911e-03  2 h 47 min 49.91 s
   2    -648.49184869 -1.562e-03  5.024e-01 3.389e-02  1.685e-02  1.044e-02  5.544e-03  2 h 19 min 11.26 s
   3    -648.49263010 -7.814e-04  5.002e-01 3.278e-02  1.642e-02  8.915e-03  4.762e-03  2 h 17 min 20.30 s
   4    -648.49318326 -5.532e-04  4.985e-01 3.496e-02  1.613e-02  8.793e-03  4.314e-03  2 h 45 min 59.70 s
   5    -648.49353580 -3.525e-04  4.993e-01 2.785e-02  1.287e-02  6.816e-03  3.121e-03  2 h 47 min 37.77 s
   6    -648.49370368 -1.679e-04  5.000e-01 1.509e-02  8.019e-03  3.346e-03  2.106e-03  2 h 13 min 34.51 s
   7    -648.49381448 -1.108e-04  4.963e-01 1.236e-02  7.318e-03  3.412e-03  1.835e-03  2 h 43 min 54.32 s
   8    -648.49389420 -7.972e-05  5.053e-01 1.252e-02  6.674e-03  2.498e-03  1.538e-03  2 h 41 min 5.85 s
   9    -648.49397393 -7.973e-05  5.000e-01 1.517e-02  8.152e-03  4.283e-03  1.721e-03  1 h 22 min 4.44 s
  10    -648.49407752 -1.036e-04  5.036e-01 2.368e-02  1.202e-02  3.490e-03  1.751e-03  3 h 33 min 56.35 s
  11    -648.49415548 -7.797e-05  5.011e-01 2.136e-02  1.017e-02  3.416e-03  1.410e-03  2 h 42 min 4.46 s
  12    -648.49420499 -4.950e-05  4.958e-01 1.641e-02  7.349e-03  4.006e-03  1.676e-03  2 h 42 min 3.60 s
  13    -648.49430928 -1.043e-04  5.147e-01 3.633e-02  1.598e-02  3.209e-03  1.694e-03  2 h 43 min 24.56 s
  14    -648.49438493 -7.565e-05  4.978e-01 3.068e-02  1.335e-02  3.108e-03  1.729e-03  2 h 41 min 9.94 s
  15    -648.49446749 -8.256e-05  5.457e-01 3.197e-02  1.363e-02  3.750e-03  1.561e-03  1 h 21 min 21.74 s
  16    -648.49452175 -5.426e-05  4.976e-01 2.840e-02  1.228e-02  3.184e-03  1.470e-03  2 h 42 min 56.66 s
  17    -648.49460672 -8.497e-05  5.020e-01 4.072e-02  1.832e-02  2.585e-03  1.755e-03  3 h 56 min 19.03 s
  18    -648.49466839 -6.167e-05  5.015e-01 2.917e-02  1.360e-02  2.528e-03  1.403e-03  2 h 39 min 37.11 s
  19    -648.49474220 -7.381e-05  4.918e-01 3.322e-02  1.731e-02  3.074e-03  1.606e-03  3 h 30 min 24.09 s
  20    -648.49482180 -7.960e-05  5.392e-01 3.267e-02  1.745e-02  4.230e-03  1.721e-03  1 h 21 min 23.16 s
  21    -648.49488727 -6.547e-05  5.000e-01 3.366e-02  1.801e-02  2.383e-03  1.514e-03  2 h 39 min 23.11 s
  22    -648.49496812 -8.085e-05  5.021e-01 3.935e-02  2.054e-02  2.804e-03  1.792e-03  3 h 34 min 59.60 s
  23    -648.49508055 -1.124e-04  4.963e-01 5.903e-02  2.971e-02  2.885e-03  1.723e-03  3 h 33 min 27.48 s
  24    -648.49514114 -6.060e-05  5.043e-01 3.268e-02  1.604e-02  3.719e-03  1.716e-03  2 h 45 min 5.65 s
  25    -648.49522438 -8.323e-05  4.983e-01 4.525e-02  2.248e-02  2.658e-03  1.501e-03  3 h 33 min 10.51 s
  26    -648.49528419 -5.982e-05  5.002e-01 3.214e-02  1.611e-02  3.183e-03  1.511e-03  2 h 39 min 18.41 s
  27    -648.49534711 -6.292e-05  5.259e-01 3.240e-02  1.657e-02  3.314e-03  1.524e-03  1 h 21 min 22.80 s
  28    -648.49540894 -6.183e-05  4.913e-01 3.993e-02  1.976e-02  2.620e-03  1.470e-03  1 h 21 min 28.74 s
  29    -648.49545138 -4.244e-05  5.001e-01 2.195e-02  1.146e-02  1.789e-03  9.355e-04  2 h 40 min 16.28 s
  30    -648.49546742 -1.604e-05  4.987e-01 9.134e-03  4.861e-03  1.335e-03  7.360e-04  2 h 12 min 52.25 s
  31    -648.49548650 -1.908e-05  5.117e-01 1.144e-02  6.055e-03  2.178e-03  8.891e-04  3 h 32 min 59.08 s
  32    -648.49550670 -2.020e-05  5.293e-01 1.376e-02  6.559e-03  1.779e-03  8.250e-04  1 h 21 min 30.20 s
  33    -648.49552122 -1.452e-05  4.850e-01 1.364e-02  5.934e-03  1.400e-03  6.447e-04  2 h 38 min 10.97 s
  34    -648.49553242 -1.120e-05  5.113e-01 1.134e-02  4.591e-03  1.062e-03  6.174e-04  2 h 39 min 43.30 s
  35    -648.49554265 -1.023e-05  4.569e-01 1.227e-02  4.689e-03  1.321e-03  6.357e-04  1 h 19 min 53.82 s
  36    -648.49555585 -1.321e-05  5.294e-01 1.320e-02  4.747e-03  2.186e-03  8.324e-04  3 h 25 min 37.24 s
  37    -648.49557108 -1.523e-05  4.960e-01 1.795e-02  6.420e-03  1.443e-03  7.186e-04  3 h 35 min 30.02 s
  38    -648.49558772 -1.664e-05  5.463e-01 1.885e-02  6.912e-03  1.122e-03  5.957e-04  1 h 19 min 3.33 s
  39    -648.49559537 -7.650e-06  5.238e-01 1.094e-02  4.150e-03  9.366e-04  4.577e-04  2 h 13 min 49.76 s
  40    -648.49559944 -4.072e-06  4.533e-01 5.888e-03  2.575e-03  8.407e-04  4.398e-04  2 h 41 min 4.88 s
  41    -648.49560663 -7.190e-06  4.813e-01 1.175e-02  5.112e-03  9.190e-04  5.124e-04  5 h 13 min 27.57 s
  42    -648.49561302 -6.391e-06  5.104e-01 1.055e-02  4.424e-03  1.051e-03  4.982e-04  2 h 41 min 12.30 s
  43    -648.49561904 -6.017e-06  4.708e-01 1.057e-02  4.322e-03  9.428e-04  5.284e-04  1 h 18 min 52.91 s
  44    -648.49562739 -8.352e-06  4.787e-01 1.436e-02  5.957e-03  1.475e-03  6.197e-04  3 h 32 min 33.47 s
  45    -648.49563513 -7.742e-06  5.085e-01 1.271e-02  5.198e-03  8.395e-04  4.395e-04  2 h 36 min 7.93 s
  46    -648.49563957 -4.433e-06  4.954e-01 8.003e-03  3.280e-03  5.956e-04  3.551e-04  2 h 37 min 55.47 s
  47    -648.49564406 -4.491e-06  5.065e-01 9.736e-03  3.889e-03  6.631e-04  3.509e-04  6 h 33 min 17.90 s
  48    -648.49564749 -3.431e-06  5.079e-01 8.473e-03  3.243e-03  9.419e-04  4.093e-04  2 h 35 min 45.62 s
  49    -648.49565120 -3.713e-06  5.410e-01 8.159e-03  3.165e-03  5.411e-04  2.976e-04* 1 h 19 min 26.42 s
  50    -648.49565416 -2.957e-06  5.821e-01 7.769e-03  3.014e-03  5.127e-04  2.791e-04* 2 h 37 min 42.55 s
  51    -648.49565518 -1.021e-06  2.694e-01 2.945e-03  1.339e-03  7.291e-04  3.080e-04  3 h 56 min 6.65 s
  52    -648.49565769 -2.509e-06  4.634e-01 4.536e-03  2.326e-03  5.178e-04  3.064e-04  2 h 37 min 50.81 s
  53    -648.49565988 -2.195e-06  4.968e-01 3.095e-03  1.759e-03  4.726e-04  2.688e-04* 2 h 54 min 40.60 s
  54    -648.49566177 -1.889e-06  5.165e-01 2.685e-03  1.682e-03  3.543e-04* 2.585e-04* 2 h 35 min 1.94 s
  55    -648.49566371 -1.942e-06  5.139e-01 2.882e-03  1.801e-03  4.443e-04* 2.368e-04* 1 h 19 min 12.54 s
  56    -648.49566570 -1.983e-06  5.106e-01 3.495e-03  1.971e-03  4.427e-04* 2.280e-04* 1 h 19 min 16.41 s
  57    -648.49566736 -1.659e-06  5.020e-01 3.658e-03  2.283e-03  2.827e-04* 1.713e-04* 2 h 39 min 28.59 s
  58    -648.49566820 -8.405e-07  5.460e-01 1.445e-03* 8.229e-04* 3.561e-04* 1.818e-04* 2 h 12 min 47.43 s
Converged.
